srun: Job step aborted: Waiting up to 32 seconds for job step to finish.
srun: got SIGCONT
slurmstepd: error: *** JOB 3592824 ON node62 CANCELLED AT 2021-11-08T10:18:27 ***
srun: forcing job termination
slurmstepd: error: *** STEP 3592824.0 ON node62 CANCELLED AT 2021-11-08T10:18:27 ***
srun: error: node62: task 1: Terminated
